load
DataParallel(
  (module): CNN(
    (conv): Sequential(
      (0): Conv2d(1, 64, kernel_size=(6, 6), stride=(1, 1), padding=(2, 2))
      (1): ReLU()
      (2): MaxPool2d(kernel_size=(3, 3), stride=(2, 2), dilation=(1, 1), ceil_mode=False)
      (3): Conv2d(64, 192, kernel_size=(5, 5), stride=(1, 1), padding=(2, 2))
      (4): ReLU()
      (5): MaxPool2d(kernel_size=(3, 3), stride=(2, 2), dilation=(1, 1), ceil_mode=False)
      (6): Conv2d(192, 384, kernel_size=(3, 3), stride=(1, 1), padding=(1, 1))
      (7): ReLU()
      (8): Conv2d(384, 256, kernel_size=(3, 3), stride=(1, 1), padding=(1, 1))
      (9): ReLU()
      (10): Conv2d(256, 256, kernel_size=(3, 3), stride=(1, 1), padding=(1, 1))
      (11): ReLU()
      (12): MaxPool2d(kernel_size=(3, 3), stride=(2, 2), dilation=(1, 1), ceil_mode=False)
    )
    (fc): Sequential(
      (0): Dropout(p=0.5)
      (1): Linear(in_features=9216, out_features=1, bias=True)
      (2): Sigmoid()
    )
  )
)
trained on 0 iterations
95% accuracy on trainning set

read error data: /home/chenw/sources/aletheia/detector/heat_distribution_classification/data/error/after_0.npy (726, 1, 60, 60)
read clean data: /home/chenw/sources/aletheia/detector/heat_distribution_classification/data/clean.npy (726, 1, 60, 60)
data size: (1452L, 1L, 60L, 60L) , targets size:  (1452L, 1L)
0 51.0 0.0 13.0
acc: 0.889807162534 fp: 0.0 fn: 0.110192837466
read error data: /home/chenw/sources/aletheia/detector/heat_distribution_classification/data/error/after_1.npy (726, 1, 60, 60)
read clean data: /home/chenw/sources/aletheia/detector/heat_distribution_classification/data/clean.npy (726, 1, 60, 60)
data size: (1452L, 1L, 60L, 60L) , targets size:  (1452L, 1L)
0 48.0 0.0 16.0
acc: 0.867079889807 fp: 0.0 fn: 0.132920110193
read error data: /home/chenw/sources/aletheia/detector/heat_distribution_classification/data/error/after_2.npy (726, 1, 60, 60)
read clean data: /home/chenw/sources/aletheia/detector/heat_distribution_classification/data/clean.npy (726, 1, 60, 60)
data size: (1452L, 1L, 60L, 60L) , targets size:  (1452L, 1L)
0 44.0 0.0 20.0
acc: 0.846418732782 fp: 0.0 fn: 0.153581267218
read error data: /home/chenw/sources/aletheia/detector/heat_distribution_classification/data/error/after_3.npy (726, 1, 60, 60)
read clean data: /home/chenw/sources/aletheia/detector/heat_distribution_classification/data/clean.npy (726, 1, 60, 60)
data size: (1452L, 1L, 60L, 60L) , targets size:  (1452L, 1L)
0 42.0 0.0 22.0
acc: 0.831955922865 fp: 0.0 fn: 0.168044077135
read error data: /home/chenw/sources/aletheia/detector/heat_distribution_classification/data/error/after_4.npy (726, 1, 60, 60)
read clean data: /home/chenw/sources/aletheia/detector/heat_distribution_classification/data/clean.npy (726, 1, 60, 60)
data size: (1452L, 1L, 60L, 60L) , targets size:  (1452L, 1L)
0 40.0 0.0 24.0
acc: 0.820247933884 fp: 0.0 fn: 0.179752066116
read error data: /home/chenw/sources/aletheia/detector/heat_distribution_classification/data/error/after_5.npy (726, 1, 60, 60)
read clean data: /home/chenw/sources/aletheia/detector/heat_distribution_classification/data/clean.npy (726, 1, 60, 60)
data size: (1452L, 1L, 60L, 60L) , targets size:  (1452L, 1L)
0 39.0 0.0 25.0
acc: 0.807851239669 fp: 0.0 fn: 0.192148760331
read error data: /home/chenw/sources/aletheia/detector/heat_distribution_classification/data/error/after_6.npy (726, 1, 60, 60)
read clean data: /home/chenw/sources/aletheia/detector/heat_distribution_classification/data/clean.npy (726, 1, 60, 60)
data size: (1452L, 1L, 60L, 60L) , targets size:  (1452L, 1L)
0 38.0 0.0 26.0
acc: 0.794077134986 fp: 0.0 fn: 0.205922865014
read error data: /home/chenw/sources/aletheia/detector/heat_distribution_classification/data/error/after_7.npy (726, 1, 60, 60)
read clean data: /home/chenw/sources/aletheia/detector/heat_distribution_classification/data/clean.npy (726, 1, 60, 60)
data size: (1452L, 1L, 60L, 60L) , targets size:  (1452L, 1L)
0 34.0 0.0 30.0
acc: 0.778925619835 fp: 0.0 fn: 0.221074380165
read error data: /home/chenw/sources/aletheia/detector/heat_distribution_classification/data/error/after_8.npy (726, 1, 60, 60)
read clean data: /home/chenw/sources/aletheia/detector/heat_distribution_classification/data/clean.npy (726, 1, 60, 60)
data size: (1452L, 1L, 60L, 60L) , targets size:  (1452L, 1L)
0 35.0 0.0 29.0
acc: 0.774104683196 fp: 0.00068870523416 fn: 0.22520661157
read error data: /home/chenw/sources/aletheia/detector/heat_distribution_classification/data/error/after_9.npy (726, 1, 60, 60)
read clean data: /home/chenw/sources/aletheia/detector/heat_distribution_classification/data/clean.npy (726, 1, 60, 60)
data size: (1452L, 1L, 60L, 60L) , targets size:  (1452L, 1L)
0 35.0 0.0 29.0
acc: 0.762396694215 fp: 0.00068870523416 fn: 0.236914600551
read error data: /home/chenw/sources/aletheia/detector/heat_distribution_classification/data/error/after_10.npy (726, 1, 60, 60)
read clean data: /home/chenw/sources/aletheia/detector/heat_distribution_classification/data/clean.npy (726, 1, 60, 60)
data size: (1452L, 1L, 60L, 60L) , targets size:  (1452L, 1L)
0 34.0 0.0 30.0
acc: 0.754132231405 fp: 0.0 fn: 0.245867768595
read error data: /home/chenw/sources/aletheia/detector/heat_distribution_classification/data/error/after_11.npy (726, 1, 60, 60)
read clean data: /home/chenw/sources/aletheia/detector/heat_distribution_classification/data/clean.npy (726, 1, 60, 60)
data size: (1452L, 1L, 60L, 60L) , targets size:  (1452L, 1L)
0 32.0 0.0 32.0
acc: 0.744490358127 fp: 0.0 fn: 0.255509641873
read error data: /home/chenw/sources/aletheia/detector/heat_distribution_classification/data/error/after_12.npy (726, 1, 60, 60)
read clean data: /home/chenw/sources/aletheia/detector/heat_distribution_classification/data/clean.npy (726, 1, 60, 60)
data size: (1452L, 1L, 60L, 60L) , targets size:  (1452L, 1L)
0 30.0 0.0 34.0
acc: 0.736225895317 fp: 0.0 fn: 0.263774104683
read error data: /home/chenw/sources/aletheia/detector/heat_distribution_classification/data/error/after_13.npy (726, 1, 60, 60)
read clean data: /home/chenw/sources/aletheia/detector/heat_distribution_classification/data/clean.npy (726, 1, 60, 60)
data size: (1452L, 1L, 60L, 60L) , targets size:  (1452L, 1L)
0 28.0 0.0 36.0
acc: 0.722451790634 fp: 0.0 fn: 0.277548209366
read error data: /home/chenw/sources/aletheia/detector/heat_distribution_classification/data/error/after_14.npy (726, 1, 60, 60)
read clean data: /home/chenw/sources/aletheia/detector/heat_distribution_classification/data/clean.npy (726, 1, 60, 60)
data size: (1452L, 1L, 60L, 60L) , targets size:  (1452L, 1L)
0 29.0 0.0 35.0
acc: 0.715564738292 fp: 0.0 fn: 0.284435261708
read error data: /home/chenw/sources/aletheia/detector/heat_distribution_classification/data/error/after_15.npy (726, 1, 60, 60)
read clean data: /home/chenw/sources/aletheia/detector/heat_distribution_classification/data/clean.npy (726, 1, 60, 60)
data size: (1452L, 1L, 60L, 60L) , targets size:  (1452L, 1L)
0 28.0 0.0 36.0
acc: 0.709366391185 fp: 0.00068870523416 fn: 0.289944903581
read error data: /home/chenw/sources/aletheia/detector/heat_distribution_classification/data/error/after_16.npy (726, 1, 60, 60)
read clean data: /home/chenw/sources/aletheia/detector/heat_distribution_classification/data/clean.npy (726, 1, 60, 60)
data size: (1452L, 1L, 60L, 60L) , targets size:  (1452L, 1L)
0 27.0 0.0 37.0
acc: 0.703856749311 fp: 0.0 fn: 0.296143250689
read error data: /home/chenw/sources/aletheia/detector/heat_distribution_classification/data/error/after_17.npy (726, 1, 60, 60)
read clean data: /home/chenw/sources/aletheia/detector/heat_distribution_classification/data/clean.npy (726, 1, 60, 60)
data size: (1452L, 1L, 60L, 60L) , targets size:  (1452L, 1L)
0 27.0 0.0 37.0
acc: 0.703168044077 fp: 0.0 fn: 0.296831955923
read error data: /home/chenw/sources/aletheia/detector/heat_distribution_classification/data/error/after_18.npy (726, 1, 60, 60)
read clean data: /home/chenw/sources/aletheia/detector/heat_distribution_classification/data/clean.npy (726, 1, 60, 60)
data size: (1452L, 1L, 60L, 60L) , targets size:  (1452L, 1L)
0 26.0 0.0 38.0
acc: 0.696280991736 fp: 0.0 fn: 0.303719008264
read error data: /home/chenw/sources/aletheia/detector/heat_distribution_classification/data/error/after_19.npy (726, 1, 60, 60)
read clean data: /home/chenw/sources/aletheia/detector/heat_distribution_classification/data/clean.npy (726, 1, 60, 60)
data size: (1452L, 1L, 60L, 60L) , targets size:  (1452L, 1L)
0 25.0 0.0 39.0
acc: 0.68870523416 fp: 0.0 fn: 0.31129476584
